#  breadcrumb log time
2024-09-23 12:08:20

#  breadcrumb serial number
B

#  instamesh neighbors
neighbor    cost
--------    ----
A           1
C           1
G           1

#  instamesh routing table
Dest    cost    next hop    next hop cost
----    ----    --------    -------------
A       1       A           1
C       1       C           1
D       2       C           1
E       3       C           1
F       4       C           1
G       1       G           1
H       2       C           1
I       3       C           1
J       4       C           1
K       2       G           1
L       3       C           1
M       4       C           1
N       4       C           1
O       5       C           1
P       4       C           1
Q       5       C           1
R       5       C           1
S       5       C           1

#  Miscellaneous
Some kind of section that we can't parse
in any meaningful way.
