#  breadcrumb log time
2024-09-23 11:59:35

#  breadcrumb serial number
C

#  instamesh neighbors
neighbor    cost
--------    ----
A           1
D           1
G           1
H           1

#  instamesh routing table
Dest    cost    next hop    next hop cost
----    ----    --------    -------------
A       1        A           1
B       2        A           1
D       1        D           1
E       2        D           1
F       3        D           1
G       1        G           1
H       1        H           1
I       2        D           1
J       3        D           1
K       2        G           1
L       2        H           1
M       3        D           1
N       3        D           1
O       4        D           1
P       3        H           1
Q       4        D           1
R       4        D           1
S       4        D           1

#  Miscellaneous
Some kind of section that we can't parse
in any meaningful way.
