#  breadcrumb log time
2024-09-23 12:05:05

#  breadcrumb serial number
D

#  instamesh neighbors
neighbor    cost
--------    ----
C           1
E           1
H           1
I           1
I           1

#  instamesh routing table
Dest    cost    next hop    next hop cost
----    ----    --------    -------------
A       2       C           1
B       2       C           1
C       1       C           1
E       1       E           1
F       2       E           1
G       2       C           1
H       1       H           1
I       1       I           1
J       2       E           1
K       3       C           1
L       2       H           1
M       2       I           1
N       2       E           1
O       3       E           1
P       3       H           1
Q       3       I           1
R       3       I           1
S       3       E           1

#  Miscellaneous
Some kind of section that we can't parse
in any meaningful way.
