#  breadcrumb log time
2024-09-23 11:59:17

#  breadcrumb serial number
E

#  instamesh neighbors
neighbor    cost
--------    ----
D           1
F           1
I           1
J           1
N           1

#  instamesh routing table
Dest    cost    next hop    next hop cost
----    ----    --------    -------------
A       3       D           1
B       4       D           1
C       2       D           1
D       1       D           1
F       1       F           1
G       3       D           1
H       2       D           1
I       1       I           1
J       1       J           1
K       3       I           1
L       2       I           1
M       2       I           1
N       1       N           1
O       2       J           1
P       3       I           1
Q       3       I           1
R       3       I           1
S       2       N           1

#  Miscellaneous
Some kind of section that we can't parse
in any meaningful way.
