#  breadcrumb log time
2024-09-23 11:53:11

#  breadcrumb serial number
F

#  instamesh neighbors
neighbor    cost
--------    ----
E           1
J           1

#  instamesh routing table
Dest    cost    next hop    next hop cost
----    ----    --------    -------------
A       4       E           1
B       5       E           1
C       3       E           1
D       2       E           1
E       1       E           1
G       4       E           1
H       3       E           1
I       2       E           1
J       1       J           1
K       4       E           1
L       3       E           1
M       3       E           1
N       2       E           1
O       2       J           1
P       4       E           1
Q       4       E           1
R       4       E           1
S       3       E           1

#  Miscellaneous
Some kind of section that we can't parse
in any meaningful way.
