#  breadcrumb log time
2024-09-23 11:50:10

#  breadcrumb serial number
G

#  instamesh neighbors
neighbor    cost
--------    ----
B           1
C           1
K           1

#  instamesh routing table
Dest    cost    next hop    next hop cost
----    ----    --------    -------------
A       2       B           1
B       1       B           1
C       1       C           1
D       2       C           1
E       3       C           1
F       4       C           1
H       2       C           1
I       3       C           1
J       4       C           1
K       1       K           1
L       2       K           1
M       3       K           1
N       4       C           1
O       5       C           1
P       3       K           1
Q       4       K           1
R       4       K           1
S       5       C           1

#  Miscellaneous
Some kind of section that we can't parse
in any meaningful way.
