#  breadcrumb log time
2024-09-23 11:52:40

#  breadcrumb serial number
H

#  instamesh neighbors
neighbor    cost
--------    ----
C           1
D           1
I           1
L           1

#  instamesh routing table
Dest    cost    next hop    next hop cost
----    ----    --------    -------------
A       2       C           1
B       3       C           1
C       1       C           1
D       1       D           1
E       2       D           1
F       3       D           1
G       2       C           1
I       1       I           1
J       3       D           1
K       2       L           1
L       1       L           1
M       2       I           1
N       2       I           1
O       3       I           1
P       2       L           1
Q       3       I           1
R       3       I           1
S       3       I           1

#  Miscellaneous
Some kind of section that we can't parse
in any meaningful way.
