#  breadcrumb log time
2024-09-23 11:50:16

#  breadcrumb serial number
J

#  instamesh neighbors
neighbor    cost
--------    ----
E           1
F           1
N           1
O           1

#  instamesh routing table
Dest    cost    next hop    next hop cost
----    ----    --------    -------------
A       4        E           1
B       5        E           1
C       3        E           1
D       2        E           1
E       1        E           1
F       1        F           1
G       4        E           1
H       3        E           1
I       2        E           1
K       4        E           1
L       3        E           1
M       2        N           1
N       1        N           1
O       1        O           1
P       3        N           1
Q       3        N           1
R       3        N           1
S       2        N           1

#  Miscellaneous
Some kind of section that we can't parse
in any meaningful way.
