#  breadcrumb log time
2024-09-23 12:08:39

#  breadcrumb serial number
M

#  instamesh neighbors
neighbor    cost
--------    ----
I           1
L           1
N           1
P           1
Q           1
R           1

#  instamesh routing table
Dest    cost    next hop    next hop cost
----    ----    --------    -------------
A       4        I           1
B       4        L           1
C       3        I           1
D       2        I           1
E       2        I           1
F       3        I           1
G       3        L           1
H       2        I           1
I       1        I           1
J       2        N           1
K       2        L           1
L       1        L           1
N       1        N           1
O       2        N           1
P       1        P           1
Q       1        Q           1
R       1        R           1
S       2        N           1

#  Miscellaneous
Some kind of section that we can't parse
in any meaningful way.
