#  breadcrumb log time
2024-09-23 11:54:59

#  breadcrumb serial number
P

#  instamesh neighbors
neighbor    cost
--------    ----
L           1
M           1

#  instamesh routing table
Dest    cost    next hop    next hop cost
----    ----    --------    -------------
A       4       L           1
B       4       L           1
C       3       L           1
D       3       L           1
E       3       L           1
F       4       L           1
G       3       L           1
H       2       L           1
I       2       L           1
J       3       M           1
K       2       L           1
L       1       L           1
M       1       M           1
N       2       M           1
O       3       M           1
Q       2       M           1
R       2       M           1
S       3       M           1

#  Miscellaneous
Some kind of section that we can't parse
in any meaningful way.
