#  breadcrumb log time
2024-09-23 11:51:11

#  breadcrumb serial number
Q

#  instamesh neighbors
neighbor    cost
--------    ----
M           1

#  instamesh routing table
Dest    cost    next hop    next hop cost
----    ----    --------    -------------
A       5        M           1
B       5        M           1
C       4        M           1
D       3        M           1
E       3        M           1
F       4        M           1
G       4        M           1
H       3        M           1
I       2        M           1
J       3        M           1
K       3        M           1
L       2        M           1
M       1        M           1
N       2        M           1
O       3        M           1
P       2        M           1
R       2        M           1
S       3        M           1

#  Miscellaneous
Some kind of section that we can't parse
in any meaningful way.
