#  breadcrumb log time
2024-09-23 12:03:10

#  breadcrumb serial number
S

#  instamesh neighbors
neighbor    cost
--------    ----
N           1
O           1
R           1

#  instamesh routing table
Dest    cost    next hop    next hop cost
----    ----    --------    -------------
A       5       N           1
B       6       N           1
C       4       N           1
D       3       N           1
E       2       N           1
F       3       N           1
G       5       N           1
H       3       N           1
I       2       N           1
J       2       N           1
K       4       N           1
L       3       N           1
M       2       N           1
N       1       N           1
O       1       O           1
P       3       N           1
Q       3       N           1
R       1       R           1

#  Miscellaneous
Some kind of section that we can't parse
in any meaningful way.
